<?xml version="1.0" encoding="UTF-8"?>
<testng-results total="3" passed="3" failed="0" skipped="0">
  <reporter-output>
  </reporter-output>
  <suite started-at="2022-12-23T13:26:14Z" name="Default suite" finished-at="2022-12-23T13:26:14Z" duration-ms="84">
    <groups>
    </groups>
    <test started-at="2022-12-23T13:26:14Z" name="Default test" finished-at="2022-12-23T13:26:14Z" duration-ms="84">
      <class name="Selenium.JavaStreams">
        <test-method signature="regular()[pri:0, instance:Selenium.JavaStreams@1e8b7643]" started-at="2022-12-23T18:56:14Z" name="regular" finished-at="2022-12-23T18:56:14Z" duration-ms="24" status="PASS">
          <reporter-output>
          </reporter-output>
        </test-method> <!-- regular -->
        <test-method signature="StreamFilter()[pri:0, instance:Selenium.JavaStreams@1e8b7643]" started-at="2022-12-23T18:56:14Z" name="StreamFilter" finished-at="2022-12-23T18:56:14Z" duration-ms="4" status="PASS">
          <reporter-output>
          </reporter-output>
        </test-method> <!-- StreamFilter -->
        <test-method signature="StreamMap()[pri:0, instance:Selenium.JavaStreams@1e8b7643]" started-at="2022-12-23T18:56:14Z" name="StreamMap" finished-at="2022-12-23T18:56:14Z" duration-ms="10" status="PASS">
          <reporter-output>
          </reporter-output>
        </test-method> <!-- StreamMap -->
      </class> <!-- Selenium.JavaStreams -->
    </test> <!-- Default test -->
  </suite> <!-- Default suite -->
</testng-results>
